<?xml version="1.0" encoding="utf-8"?><testsuites name="pytest tests"><testsuite name="pytest" errors="0" failures="0" skipped="2" tests="2" time="0.016" timestamp="2026-08-16T08:58:48.096584+00:00" hostname="vm"><testcase classname="t.test_skip" name="test_a" time="0.000"><skipped type="pytest.skip" message="Secret fehlt">/tmp/claude-0/-home-user-swiss-courts-mcp/49860ec6-d1e9-576e-bbe0-3269a8109e17/scratchpad/junit/t/test_skip.py:3: Secret fehlt</skipped></testcase><testcase classname="t.test_skip" name="test_b" time="0.000"><skipped type="pytest.skip" message="Secret fehlt">/tmp/claude-0/-home-user-swiss-courts-mcp/49860ec6-d1e9-576e-bbe0-3269a8109e17/scratchpad/junit/t/test_skip.py:4: Secret fehlt</skipped></testcase></testsuite></testsuites>