<?xml version="1.0" encoding="utf-8"?><testsuites name="pytest tests"><testsuite name="pytest" errors="0" failures="1" skipped="0" tests="2" time="0.040" timestamp="2026-08-16T08:58:47.131980+00:00" hostname="vm"><testcase classname="t.test_fehlschlag" name="test_a" time="0.001" /><testcase classname="t.test_fehlschlag" name="test_b" time="0.001"><failure message="assert 1 == 2">&gt;   def test_b(): assert 1 == 2
                  ^^^^^^^^^^^^^
E   assert 1 == 2

t/test_fehlschlag.py:2: AssertionError</failure></testcase></testsuite></testsuites>